Using pre-set license
Built from '2021.1/staging' branch; Version is '2021.1.19f1 (5f5eb8bbdc25) revision 6250168'; Using compiler version '192528614'; Build Type 'Release'
OS: 'Windows 10 Home; OS build 19042.1237; Version 2009; 64bit' Language: 'en' Physical Memory: 12130 MB
BatchMode: 1, IsHumanControllingUs: 0, StartBugReporterOnCrash: 0, Is64bit: 1, IsPro: 0

COMMAND LINE ARGUMENTS:
D:\2021.1.19f1\Editor\Unity.exe
-adb2
-batchMode
-noUpm
-name
AssetImportWorker0
-projectPath
D:/SEM 5/MOBILE I/Mobile A1
-logFile
Logs/AssetImportWorker0.log
-srvPort
52697
Successfully changed project path to: D:/SEM 5/MOBILE I/Mobile A1
D:/SEM 5/MOBILE I/Mobile A1
Using Asset Import Pipeline V2.
Refreshing native plugins compatible for Editor in 108.02 ms, found 4 plugins.
Preloading 0 native plugins for Editor in 0.00 ms.
Initialize engine version: 2021.1.19f1 (5f5eb8bbdc25)
[Subsystems] Discovering subsystems at path D:/2021.1.19f1/Editor/Data/Resources/UnitySubsystems
[Subsystems] Discovering subsystems at path D:/SEM 5/MOBILE I/Mobile A1/Assets
GfxDevice: creating device client; threaded=0; jobified=0
Direct3D:
    Version:  Direct3D 11.0 [level 11.1]
    Renderer: NVIDIA GeForce GTX 1050 (ID=0x1c8d)
    Vendor:   NVIDIA
    VRAM:     4029 MB
    Driver:   23.21.13.8873
Initialize mono
Mono path[0] = 'D:/2021.1.19f1/Editor/Data/Managed'
Mono path[1] = 'D:/2021.1.19f1/Editor/Data/MonoBleedingEdge/lib/mono/unityjit'
Mono config path = 'D:/2021.1.19f1/Editor/Data/MonoBleedingEdge/etc'
Using monoOptions --debugger-agent=transport=dt_socket,embedding=1,server=y,suspend=n,address=127.0.0.1:56280
Begin MonoManager ReloadAssembly
Registering precompiled unity dll's ...
Register platform support module: D:/2021.1.19f1/Editor/Data/PlaybackEngines/WebGLSupport/UnityEditor.WebGL.Extensions.dll
Register platform support module: D:/2021.1.19f1/Editor/Data/PlaybackEngines/WindowsStandaloneSupport/UnityEditor.WindowsStandalone.Extensions.dll
Registered in 0.001305 seconds.
Native extension for WindowsStandalone target not found
Native extension for WebGL target not found
Refreshing native plugins compatible for Editor in 104.15 ms, found 4 plugins.
Preloading 0 native plugins for Editor in 0.00 ms.
Mono: successfully reloaded assembly
- Completed reload, in  1.565 seconds
Domain Reload Profiling:
	ReloadAssembly (1566ms)
		BeginReloadAssembly (60ms)
			ExecutionOrderSort (0ms)
			DisableScriptedObjects (0ms)
			BackupInstance (0ms)
			ReleaseScriptingObjects (0ms)
			CreateAndSetChildDomain (1ms)
		EndReloadAssembly (477ms)
			LoadAssemblies (60ms)
			RebuildTransferFunctionScriptingTraits (0ms)
			SetupTypeCache (161ms)
			ReleaseScriptCaches (0ms)
			RebuildScriptCaches (30ms)
			SetupLoadedEditorAssemblies (244ms)
				LogAssemblyErrors (0ms)
				InitializePlatformSupportModulesInManaged (6ms)
				SetLoadedEditorAssemblies (0ms)
				RefreshPlugins (104ms)
				BeforeProcessingInitializeOnLoad (1ms)
				ProcessInitializeOnLoadAttributes (103ms)
				ProcessInitializeOnLoadMethodAttributes (29ms)
				AfterProcessingInitializeOnLoad (0ms)
				EditorAssembliesLoaded (0ms)
			ExecutionOrderSort2 (0ms)
			AwakeInstancesAfterBackupRestoration (0ms)
Platform modules already initialized, skipping
Registering precompiled user dll's ...
Registered in 0.004412 seconds.
Begin MonoManager ReloadAssembly
Symbol file LoadedFromMemory doesn't match image D:\SEM 5\MOBILE I\Mobile A1\Library\PackageCache\com.unity.visualscripting@1.6.1\Editor\VisualScripting.Core\Dependencies\YamlDotNet\Unity.VisualScripting.YamlDotNet.dll
Symbol file LoadedFromMemory doesn't match image D:\SEM 5\MOBILE I\Mobile A1\Library\PackageCache\com.unity.visualscripting@1.6.1\Editor\VisualScripting.Core\Dependencies\DotNetZip\Unity.VisualScripting.IonicZip.dll
Native extension for WindowsStandalone target not found
Native extension for WebGL target not found
Refreshing native plugins compatible for Editor in 105.67 ms, found 4 plugins.
Preloading 0 native plugins for Editor in 0.00 ms.
Mono: successfully reloaded assembly
- Completed reload, in  1.519 seconds
Domain Reload Profiling:
	ReloadAssembly (1519ms)
		BeginReloadAssembly (148ms)
			ExecutionOrderSort (0ms)
			DisableScriptedObjects (4ms)
			BackupInstance (0ms)
			ReleaseScriptingObjects (0ms)
			CreateAndSetChildDomain (20ms)
		EndReloadAssembly (1320ms)
			LoadAssemblies (384ms)
			RebuildTransferFunctionScriptingTraits (0ms)
			SetupTypeCache (365ms)
			ReleaseScriptCaches (1ms)
			RebuildScriptCaches (51ms)
			SetupLoadedEditorAssemblies (433ms)
				LogAssemblyErrors (0ms)
				InitializePlatformSupportModulesInManaged (4ms)
				SetLoadedEditorAssemblies (0ms)
				RefreshPlugins (106ms)
				BeforeProcessingInitializeOnLoad (82ms)
				ProcessInitializeOnLoadAttributes (222ms)
				ProcessInitializeOnLoadMethodAttributes (16ms)
				AfterProcessingInitializeOnLoad (3ms)
				EditorAssembliesLoaded (0ms)
			ExecutionOrderSort2 (0ms)
			AwakeInstancesAfterBackupRestoration (7ms)
Platform modules already initialized, skipping
========================================================================
Worker process is ready to serve import requests
Launched and connected shader compiler UnityShaderCompiler.exe after 0.07 seconds
Refreshing native plugins compatible for Editor in 1.54 ms, found 4 plugins.
Preloading 0 native plugins for Editor in 0.00 ms.
Unloading 3757 Unused Serialized files (Serialized files now loaded: 0)
System memory in use before: 138.3 MB.
System memory in use after: 138.5 MB.

Unloading 43 unused Assets to reduce memory usage. Loaded Objects now: 4194.
Total: 3.324900 ms (FindLiveObjects: 0.261700 ms CreateObjectMapping: 0.144100 ms MarkObjects: 2.855000 ms  DeleteObjects: 0.063200 ms)

AssetImportParameters requested are different than current active one (requested -> active):
  custom:framework-win-MediaFoundation: 216162199b28c13a410421893ffa2e32 -> 
  custom:video-decoder-ogg-theora: a1e56fd34408186e4bbccfd4996cb3dc -> 
  custom:container-muxer-webm: aa71ff27fc2769a1b78a27578f13a17b -> 
  custom:container-demuxer-webm: 4f35f7cbe854078d1ac9338744f61a02 -> 
  custom:container-demuxer-ogg: 62fdf1f143b41e24485cea50d1cbac27 -> 
  custom:video-encoder-webm-vp8: eb34c28f22e8b96e1ab97ce403110664 -> 
  custom:video-decoder-webm-vp8: 9c59270c3fd7afecdb556c50c9e8de78 -> 
  custom:audio-decoder-ogg-vorbis: bf7c407c2cedff20999df2af8eb42d56 -> 
  custom:audio-encoder-webm-vorbis: bf7c407c2cedff20999df2af8eb42d56 -> 
========================================================================
Received Import Request.
  path: Assets/Scenes/Main.unity
  artifactKey: Guid(2cda990e2423bbf4892e6590ba056729) Importer(815301076,1909f56bfc062723c751e8b465ee728b)
Start importing Assets/Scenes/Main.unity using Guid(2cda990e2423bbf4892e6590ba056729) Importer(815301076,1909f56bfc062723c751e8b465ee728b)  -> (artifact id: '5bc73b5d77361ee098e145d16856974c') in 0.016863 seconds 
========================================================================
Received Import Request.
  Time since last request: 480.572067 seconds.
  path: Assets/Sprites/uielement.png
  artifactKey: Guid(4e69da766835a134e8b804f238f40456) Importer(815301076,1909f56bfc062723c751e8b465ee728b)
Start importing Assets/Sprites/uielement.png using Guid(4e69da766835a134e8b804f238f40456) Importer(815301076,1909f56bfc062723c751e8b465ee728b)  -> (artifact id: '94e29e3893277f7ddf77b9cdcc8d8ae0') in 0.258554 seconds 
========================================================================
Received Import Request.
  Time since last request: 14.743547 seconds.
  path: Assets/Sprites/uielement.png
  artifactKey: Guid(4e69da766835a134e8b804f238f40456) Importer(815301076,1909f56bfc062723c751e8b465ee728b)
Start importing Assets/Sprites/uielement.png using Guid(4e69da766835a134e8b804f238f40456) Importer(815301076,1909f56bfc062723c751e8b465ee728b)  -> (artifact id: '10d8dbd480bbe3ea5627be5de8378f90') in 0.094630 seconds 
========================================================================
Received Import Request.
  Time since last request: 4.610515 seconds.
  path: Assets/Sprites/uielement.png
  artifactKey: Guid(4e69da766835a134e8b804f238f40456) Importer(815301076,1909f56bfc062723c751e8b465ee728b)
Start importing Assets/Sprites/uielement.png using Guid(4e69da766835a134e8b804f238f40456) Importer(815301076,1909f56bfc062723c751e8b465ee728b)  -> (artifact id: '5e98b0dd9095a34779a09cf217d65d58') in 0.140161 seconds 
========================================================================
Received Import Request.
  Time since last request: 10.502853 seconds.
  path: Assets/Sprites/uielement.png
  artifactKey: Guid(4e69da766835a134e8b804f238f40456) Importer(815301076,1909f56bfc062723c751e8b465ee728b)
Start importing Assets/Sprites/uielement.png using Guid(4e69da766835a134e8b804f238f40456) Importer(815301076,1909f56bfc062723c751e8b465ee728b)  -> (artifact id: 'cb32e3232dde08e35c332f7bedb75e5b') in 0.006048 seconds 
========================================================================
Received Import Request.
  Time since last request: 48.826424 seconds.
  path: Assets/Sprites/uielement.png
  artifactKey: Guid(4e69da766835a134e8b804f238f40456) Importer(815301076,1909f56bfc062723c751e8b465ee728b)
Start importing Assets/Sprites/uielement.png using Guid(4e69da766835a134e8b804f238f40456) Importer(815301076,1909f56bfc062723c751e8b465ee728b)  -> (artifact id: '9f1efce5491fe8200e24df68ba6f350e') in 0.170357 seconds 
========================================================================
Received Import Request.
  Time since last request: 12.893952 seconds.
  path: Assets/Sprites/sam spritesheet.png
  artifactKey: Guid(1749e7f4672b6294c9f13076561b532d) Importer(815301076,1909f56bfc062723c751e8b465ee728b)
Start importing Assets/Sprites/sam spritesheet.png using Guid(1749e7f4672b6294c9f13076561b532d) Importer(815301076,1909f56bfc062723c751e8b465ee728b)  -> (artifact id: 'f66c73fc28f52b72caabec802ec124a0') in 0.010437 seconds 
========================================================================
Received Import Request.
  Time since last request: 1016.190269 seconds.
  path: Assets/Sprites/Arrow.png
  artifactKey: Guid(b7d15809699f39e4d890797700dab993) Importer(815301076,1909f56bfc062723c751e8b465ee728b)
Start importing Assets/Sprites/Arrow.png using Guid(b7d15809699f39e4d890797700dab993) Importer(815301076,1909f56bfc062723c751e8b465ee728b)  -> (artifact id: '6432ad4a445b1376d326142399429a3f') in 0.009704 seconds 
========================================================================
Received Import Request.
  Time since last request: 32.098793 seconds.
  path: Assets/Sprites/Arrow.png
  artifactKey: Guid(b7d15809699f39e4d890797700dab993) Importer(815301076,1909f56bfc062723c751e8b465ee728b)
Start importing Assets/Sprites/Arrow.png using Guid(b7d15809699f39e4d890797700dab993) Importer(815301076,1909f56bfc062723c751e8b465ee728b)  -> (artifact id: '682c04b6ce459df3512c8c9e6291d812') in 0.156580 seconds 
========================================================================
Received Import Request.
  Time since last request: 973.161973 seconds.
  path: Assets/Sprites/enemy spritesheet.png
  artifactKey: Guid(1580dd4c803ac5e4c8a871ccbd1c0aa4) Importer(815301076,1909f56bfc062723c751e8b465ee728b)
Start importing Assets/Sprites/enemy spritesheet.png using Guid(1580dd4c803ac5e4c8a871ccbd1c0aa4) Importer(815301076,1909f56bfc062723c751e8b465ee728b)  -> (artifact id: '73f3ba4b6706ecee7df68b98b861936f') in 0.008792 seconds 
========================================================================
Received Import Request.
  Time since last request: 13.960038 seconds.
  path: Assets/Sprites/sam spritesheet.png
  artifactKey: Guid(1749e7f4672b6294c9f13076561b532d) Importer(815301076,1909f56bfc062723c751e8b465ee728b)
Start importing Assets/Sprites/sam spritesheet.png using Guid(1749e7f4672b6294c9f13076561b532d) Importer(815301076,1909f56bfc062723c751e8b465ee728b)  -> (artifact id: 'efea6e94902d6b88f6a185a80a7d1337') in 0.005494 seconds 
========================================================================
Received Import Request.
  Time since last request: 17.754379 seconds.
  path: Assets/Sprites/sam spritesheet.png
  artifactKey: Guid(1749e7f4672b6294c9f13076561b532d) Importer(815301076,1909f56bfc062723c751e8b465ee728b)
Start importing Assets/Sprites/sam spritesheet.png using Guid(1749e7f4672b6294c9f13076561b532d) Importer(815301076,1909f56bfc062723c751e8b465ee728b)  -> (artifact id: 'ba15ebc5a4f09241a1a4932c583c4aac') in 0.095616 seconds 
========================================================================
Received Import Request.
  Time since last request: 19.443659 seconds.
  path: Assets/Sprites/enemy spritesheet.png
  artifactKey: Guid(1580dd4c803ac5e4c8a871ccbd1c0aa4) Importer(815301076,1909f56bfc062723c751e8b465ee728b)
Start importing Assets/Sprites/enemy spritesheet.png using Guid(1580dd4c803ac5e4c8a871ccbd1c0aa4) Importer(815301076,1909f56bfc062723c751e8b465ee728b)  -> (artifact id: '477d4036d43e2363711f41b0e71fce85') in 0.006571 seconds 
========================================================================
Received Import Request.
  Time since last request: 7.956905 seconds.
  path: Assets/Sprites/enemy spritesheet.png
  artifactKey: Guid(1580dd4c803ac5e4c8a871ccbd1c0aa4) Importer(815301076,1909f56bfc062723c751e8b465ee728b)
Start importing Assets/Sprites/enemy spritesheet.png using Guid(1580dd4c803ac5e4c8a871ccbd1c0aa4) Importer(815301076,1909f56bfc062723c751e8b465ee728b)  -> (artifact id: '2b15744b8bf323215807ff797aa80836') in 0.020437 seconds 
========================================================================
Received Import Request.
  Time since last request: 1163.063321 seconds.
  path: Assets/Sprites/block spriteheet.png
  artifactKey: Guid(dabb060f0b6dbfc4c810fa4ae5e39b6a) Importer(815301076,1909f56bfc062723c751e8b465ee728b)
Start importing Assets/Sprites/block spriteheet.png using Guid(dabb060f0b6dbfc4c810fa4ae5e39b6a) Importer(815301076,1909f56bfc062723c751e8b465ee728b)  -> (artifact id: '4470e17b6ac574488b4300067e8c32de') in 0.022040 seconds 
========================================================================
Received Import Request.
  Time since last request: 6.223376 seconds.
  path: Assets/Sprites/block spriteheet.png
  artifactKey: Guid(dabb060f0b6dbfc4c810fa4ae5e39b6a) Importer(815301076,1909f56bfc062723c751e8b465ee728b)
Start importing Assets/Sprites/block spriteheet.png using Guid(dabb060f0b6dbfc4c810fa4ae5e39b6a) Importer(815301076,1909f56bfc062723c751e8b465ee728b)  -> (artifact id: '413b0c6f20fd6d1a95fe2d3a543150f9') in 0.007271 seconds 
========================================================================
Received Import Request.
  Time since last request: 15.462794 seconds.
  path: Assets/Sprites/block spriteheet.png
  artifactKey: Guid(dabb060f0b6dbfc4c810fa4ae5e39b6a) Importer(815301076,1909f56bfc062723c751e8b465ee728b)
Start importing Assets/Sprites/block spriteheet.png using Guid(dabb060f0b6dbfc4c810fa4ae5e39b6a) Importer(815301076,1909f56bfc062723c751e8b465ee728b)  -> (artifact id: 'a6f8b118f1840c801042491f1541a3c2') in 0.131744 seconds 
========================================================================
Received Import Request.
  Time since last request: 57.619979 seconds.
  path: Assets/Sprites/uielement.png
  artifactKey: Guid(4e69da766835a134e8b804f238f40456) Importer(815301076,1909f56bfc062723c751e8b465ee728b)
Start importing Assets/Sprites/uielement.png using Guid(4e69da766835a134e8b804f238f40456) Importer(815301076,1909f56bfc062723c751e8b465ee728b)  -> (artifact id: '4edc162d7519c60cb631e8f40a955e7b') in 0.031834 seconds 
========================================================================
Received Import Request.
  Time since last request: 88.260570 seconds.
  path: Assets/Scenes/Main.unity
  artifactKey: Guid(2cda990e2423bbf4892e6590ba056729) Importer(815301076,1909f56bfc062723c751e8b465ee728b)
Start importing Assets/Scenes/Main.unity using Guid(2cda990e2423bbf4892e6590ba056729) Importer(815301076,1909f56bfc062723c751e8b465ee728b)  -> (artifact id: '6702d5f470df1a4d6245ec9d9eb17973') in 0.002942 seconds 
========================================================================
Received Import Request.
  Time since last request: 8.419387 seconds.
  path: Assets/Scenes/Game.unity
  artifactKey: Guid(2cda990e2423bbf4892e6590ba056729) Importer(815301076,1909f56bfc062723c751e8b465ee728b)
Start importing Assets/Scenes/Game.unity using Guid(2cda990e2423bbf4892e6590ba056729) Importer(815301076,1909f56bfc062723c751e8b465ee728b)  -> (artifact id: 'b47833703688d33e0fa93bd7bd140de7') in 0.002552 seconds 
========================================================================
Received Import Request.
  Time since last request: 486.331554 seconds.
  path: Assets/Sprites/sky.png
  artifactKey: Guid(8e1090a94f1428341b4056769e24a835) Importer(815301076,1909f56bfc062723c751e8b465ee728b)
Start importing Assets/Sprites/sky.png using Guid(8e1090a94f1428341b4056769e24a835) Importer(815301076,1909f56bfc062723c751e8b465ee728b)  -> (artifact id: '30fff4d908a0e939ceace9be4b8d4eb8') in 0.018205 seconds 
========================================================================
Received Import Request.
  Time since last request: 3.775738 seconds.
  path: Assets/Sprites/sky.png
  artifactKey: Guid(8e1090a94f1428341b4056769e24a835) Importer(815301076,1909f56bfc062723c751e8b465ee728b)
Start importing Assets/Sprites/sky.png using Guid(8e1090a94f1428341b4056769e24a835) Importer(815301076,1909f56bfc062723c751e8b465ee728b)  -> (artifact id: '2c19b7200048cde176eff382c6c200e1') in 0.015362 seconds 
========================================================================
Received Import Request.
  Time since last request: 33.033600 seconds.
  path: Assets/Sprites/sky.png
  artifactKey: Guid(8e1090a94f1428341b4056769e24a835) Importer(815301076,1909f56bfc062723c751e8b465ee728b)
Start importing Assets/Sprites/sky.png using Guid(8e1090a94f1428341b4056769e24a835) Importer(815301076,1909f56bfc062723c751e8b465ee728b)  -> (artifact id: 'c321fc27582705237497a2d162a51015') in 0.014971 seconds 
========================================================================
Received Import Request.
  Time since last request: 61.269985 seconds.
  path: Assets/Sprites/sky.png
  artifactKey: Guid(8e1090a94f1428341b4056769e24a835) Importer(815301076,1909f56bfc062723c751e8b465ee728b)
Start importing Assets/Sprites/sky.png using Guid(8e1090a94f1428341b4056769e24a835) Importer(815301076,1909f56bfc062723c751e8b465ee728b)  -> (artifact id: 'afbf4bb8c421ea4e78e90d46be3a064e') in 0.010107 seconds 
========================================================================
Received Import Request.
  Time since last request: 761.284250 seconds.
  path: Assets/Sprites/shots.png
  artifactKey: Guid(0624db5670e27874a9440240658458da) Importer(815301076,1909f56bfc062723c751e8b465ee728b)
Start importing Assets/Sprites/shots.png using Guid(0624db5670e27874a9440240658458da) Importer(815301076,1909f56bfc062723c751e8b465ee728b)  -> (artifact id: '2bfb13ef1ca3140abb3fe5788c9b66be') in 0.010768 seconds 
========================================================================
Received Import Request.
  Time since last request: 6.912497 seconds.
  path: Assets/Sprites/shots.png
  artifactKey: Guid(0624db5670e27874a9440240658458da) Importer(815301076,1909f56bfc062723c751e8b465ee728b)
Start importing Assets/Sprites/shots.png using Guid(0624db5670e27874a9440240658458da) Importer(815301076,1909f56bfc062723c751e8b465ee728b)  -> (artifact id: '5feed233c7014d2c3bed8a0c38160d47') in 0.072409 seconds 
========================================================================
Received Import Request.
  Time since last request: 13.620274 seconds.
  path: Assets/Sprites/shots.png
  artifactKey: Guid(0624db5670e27874a9440240658458da) Importer(815301076,1909f56bfc062723c751e8b465ee728b)
Start importing Assets/Sprites/shots.png using Guid(0624db5670e27874a9440240658458da) Importer(815301076,1909f56bfc062723c751e8b465ee728b)  -> (artifact id: '706f917ad648489cc21d1a542d0bcfa9') in 0.173108 seconds 
========================================================================
Received Import Request.
  Time since last request: 27.640120 seconds.
  path: Assets/Sprites/shots.png
  artifactKey: Guid(0624db5670e27874a9440240658458da) Importer(815301076,1909f56bfc062723c751e8b465ee728b)
Start importing Assets/Sprites/shots.png using Guid(0624db5670e27874a9440240658458da) Importer(815301076,1909f56bfc062723c751e8b465ee728b)  -> (artifact id: '7848f10191c117e0505077284caec196') in 0.021861 seconds 
========================================================================
Received Import Request.
  Time since last request: 4.179481 seconds.
  path: Assets/Sprites/shots.png
  artifactKey: Guid(0624db5670e27874a9440240658458da) Importer(815301076,1909f56bfc062723c751e8b465ee728b)
Start importing Assets/Sprites/shots.png using Guid(0624db5670e27874a9440240658458da) Importer(815301076,1909f56bfc062723c751e8b465ee728b)  -> (artifact id: 'b794f09f520eb662da1bc2b65b330424') in 0.107050 seconds 
========================================================================
Received Import Request.
  Time since last request: 771.858647 seconds.
  path: Assets/Scenes
  artifactKey: Guid(bbbc74fad6ed1d243aee6102298f428b) Importer(815301076,1909f56bfc062723c751e8b465ee728b)
Start importing Assets/Scenes using Guid(bbbc74fad6ed1d243aee6102298f428b) Importer(815301076,1909f56bfc062723c751e8b465ee728b)  -> (artifact id: 'e2f5d9c482259fc97b3f344a61ab00ed') in 0.002998 seconds 
========================================================================
Received Import Request.
  Time since last request: 7.178468 seconds.
  path: Assets/Scenes/Menu.unity
  artifactKey: Guid(e7307994b3fc5da47b863acbdff208e4) Importer(815301076,1909f56bfc062723c751e8b465ee728b)
Start importing Assets/Scenes/Menu.unity using Guid(e7307994b3fc5da47b863acbdff208e4) Importer(815301076,1909f56bfc062723c751e8b465ee728b)  -> (artifact id: 'c257bf3a81249eacdfa76253243fdd1d') in 0.003930 seconds 
========================================================================
Received Import Request.
  Time since last request: 474.141125 seconds.
  path: Assets/Sprites/sam spritesheet.png
  artifactKey: Guid(1749e7f4672b6294c9f13076561b532d) Importer(815301076,1909f56bfc062723c751e8b465ee728b)
Start importing Assets/Sprites/sam spritesheet.png using Guid(1749e7f4672b6294c9f13076561b532d) Importer(815301076,1909f56bfc062723c751e8b465ee728b)  -> (artifact id: 'f2ab54429819b69c1c503bed8a355913') in 0.024295 seconds 
========================================================================
Received Import Request.
  Time since last request: 60.689570 seconds.
  path: Assets/Scenes/Instructions.unity
  artifactKey: Guid(39d063e126ecd9d4ab50bd544c621713) Importer(815301076,1909f56bfc062723c751e8b465ee728b)
Start importing Assets/Scenes/Instructions.unity using Guid(39d063e126ecd9d4ab50bd544c621713) Importer(815301076,1909f56bfc062723c751e8b465ee728b)  -> (artifact id: '2b4931c77117b214d0acda97cd1c9bf4') in 0.003086 seconds 
========================================================================
Received Import Request.
  Time since last request: 1024.797631 seconds.
  path: Assets/Scenes/GameOver.unity
  artifactKey: Guid(f6bf3a06accbeae46999c92ddec17e58) Importer(815301076,1909f56bfc062723c751e8b465ee728b)
Start importing Assets/Scenes/GameOver.unity using Guid(f6bf3a06accbeae46999c92ddec17e58) Importer(815301076,1909f56bfc062723c751e8b465ee728b)  -> (artifact id: '8d458699b54a6a3db2836205d227ad63') in 0.147019 seconds 
========================================================================
Received Import Request.
  Time since last request: 595.629511 seconds.
  path: Assets/[Scenes]
  artifactKey: Guid(bbbc74fad6ed1d243aee6102298f428b) Importer(815301076,1909f56bfc062723c751e8b465ee728b)
Start importing Assets/[Scenes] using Guid(bbbc74fad6ed1d243aee6102298f428b) Importer(815301076,1909f56bfc062723c751e8b465ee728b)  -> (artifact id: '6107834bbba231fd6e43a76c14788af6') in 0.001845 seconds 
========================================================================
Received Import Request.
  Time since last request: 0.982611 seconds.
  path: Assets
  artifactKey: Guid(00000000000000001000000000000000) Importer(815301076,1909f56bfc062723c751e8b465ee728b)
Start importing Assets using Guid(00000000000000001000000000000000) Importer(815301076,1909f56bfc062723c751e8b465ee728b)  -> (artifact id: '42d402b061de3733987d63b9cc3b64de') in 0.002567 seconds 
========================================================================
Received Import Request.
  Time since last request: 8.226597 seconds.
  path: Assets/[Scripts]
  artifactKey: Guid(c0bda3153ed11c64ea2803421ea76983) Importer(815301076,1909f56bfc062723c751e8b465ee728b)
Start importing Assets/[Scripts] using Guid(c0bda3153ed11c64ea2803421ea76983) Importer(815301076,1909f56bfc062723c751e8b465ee728b)  -> (artifact id: '974447e8904cd50d47e1b5acab0b5b67') in 0.002668 seconds 
========================================================================
Received Import Request.
  Time since last request: 13.669457 seconds.
  path: Assets/[Scripts]/ButtonBehaviour.cs
  artifactKey: Guid(a47bb45b45a9f1a43914456cf6a2f82d) Importer(815301076,1909f56bfc062723c751e8b465ee728b)
Start importing Assets/[Scripts]/ButtonBehaviour.cs using Guid(a47bb45b45a9f1a43914456cf6a2f82d) Importer(815301076,1909f56bfc062723c751e8b465ee728b)  -> (artifact id: '7d9826e7457d07f5425490c9a8197533') in 0.019752 seconds 
========================================================================
Received Prepare
Registering precompiled user dll's ...
Registered in 0.005443 seconds.
Begin MonoManager ReloadAssembly
Symbol file LoadedFromMemory doesn't match image D:\SEM 5\MOBILE I\Mobile A1\Library\PackageCache\com.unity.visualscripting@1.6.1\Editor\VisualScripting.Core\Dependencies\YamlDotNet\Unity.VisualScripting.YamlDotNet.dll
Symbol file LoadedFromMemory doesn't match image D:\SEM 5\MOBILE I\Mobile A1\Library\PackageCache\com.unity.visualscripting@1.6.1\Editor\VisualScripting.Core\Dependencies\DotNetZip\Unity.VisualScripting.IonicZip.dll
Native extension for WindowsStandalone target not found
Native extension for WebGL target not found
Refreshing native plugins compatible for Editor in 0.82 ms, found 4 plugins.
Preloading 0 native plugins for Editor in 0.00 ms.
Mono: successfully reloaded assembly
- Completed reload, in  1.838 seconds
Domain Reload Profiling:
	ReloadAssembly (1838ms)
		BeginReloadAssembly (354ms)
			ExecutionOrderSort (0ms)
			DisableScriptedObjects (32ms)
			BackupInstance (0ms)
			ReleaseScriptingObjects (0ms)
			CreateAndSetChildDomain (173ms)
		EndReloadAssembly (1415ms)
			LoadAssemblies (143ms)
			RebuildTransferFunctionScriptingTraits (0ms)
			SetupTypeCache (556ms)
			ReleaseScriptCaches (2ms)
			RebuildScriptCaches (110ms)
			SetupLoadedEditorAssemblies (374ms)
				LogAssemblyErrors (0ms)
				InitializePlatformSupportModulesInManaged (10ms)
				SetLoadedEditorAssemblies (1ms)
				RefreshPlugins (1ms)
				BeforeProcessingInitializeOnLoad (81ms)
				ProcessInitializeOnLoadAttributes (262ms)
				ProcessInitializeOnLoadMethodAttributes (17ms)
				AfterProcessingInitializeOnLoad (3ms)
				EditorAssembliesLoaded (0ms)
			ExecutionOrderSort2 (0ms)
			AwakeInstancesAfterBackupRestoration (25ms)
Platform modules already initialized, skipping
Refreshing native plugins compatible for Editor in 0.90 ms, found 4 plugins.
Preloading 0 native plugins for Editor in 0.00 ms.
Unloading 3768 Unused Serialized files (Serialized files now loaded: 0)
System memory in use before: 155.5 MB.
System memory in use after: 155.1 MB.

Unloading 44 unused Assets to reduce memory usage. Loaded Objects now: 4603.
Total: 3.693600 ms (FindLiveObjects: 0.326500 ms CreateObjectMapping: 0.180300 ms MarkObjects: 2.939200 ms  DeleteObjects: 0.246600 ms)

AssetImportParameters requested are different than current active one (requested -> active):
  custom:framework-win-MediaFoundation: 216162199b28c13a410421893ffa2e32 -> 
  custom:video-decoder-ogg-theora: a1e56fd34408186e4bbccfd4996cb3dc -> 
  custom:container-muxer-webm: aa71ff27fc2769a1b78a27578f13a17b -> 
  custom:container-demuxer-webm: 4f35f7cbe854078d1ac9338744f61a02 -> 
  custom:container-demuxer-ogg: 62fdf1f143b41e24485cea50d1cbac27 -> 
  custom:video-encoder-webm-vp8: eb34c28f22e8b96e1ab97ce403110664 -> 
  custom:video-decoder-webm-vp8: 9c59270c3fd7afecdb556c50c9e8de78 -> 
  custom:audio-decoder-ogg-vorbis: bf7c407c2cedff20999df2af8eb42d56 -> 
  custom:audio-encoder-webm-vorbis: bf7c407c2cedff20999df2af8eb42d56 -> 
========================================================================
Received Import Request.
  Time since last request: 123.772286 seconds.
  path: Assets/[Scripts]/ButtonBehaviour.cs
  artifactKey: Guid(a47bb45b45a9f1a43914456cf6a2f82d) Importer(815301076,1909f56bfc062723c751e8b465ee728b)
Start importing Assets/[Scripts]/ButtonBehaviour.cs using Guid(a47bb45b45a9f1a43914456cf6a2f82d) Importer(815301076,1909f56bfc062723c751e8b465ee728b)  -> (artifact id: '975e88a7a4dbcd7d59662f8ccc4611ab') in 0.009339 seconds 
========================================================================
Received Prepare
Registering precompiled user dll's ...
Registered in 0.004069 seconds.
Begin MonoManager ReloadAssembly
Symbol file LoadedFromMemory doesn't match image D:\SEM 5\MOBILE I\Mobile A1\Library\PackageCache\com.unity.visualscripting@1.6.1\Editor\VisualScripting.Core\Dependencies\YamlDotNet\Unity.VisualScripting.YamlDotNet.dll
Symbol file LoadedFromMemory doesn't match image D:\SEM 5\MOBILE I\Mobile A1\Library\PackageCache\com.unity.visualscripting@1.6.1\Editor\VisualScripting.Core\Dependencies\DotNetZip\Unity.VisualScripting.IonicZip.dll
Native extension for WindowsStandalone target not found
Native extension for WebGL target not found
Refreshing native plugins compatible for Editor in 0.78 ms, found 4 plugins.
Preloading 0 native plugins for Editor in 0.00 ms.
Mono: successfully reloaded assembly
- Completed reload, in  1.117 seconds
Domain Reload Profiling:
	ReloadAssembly (1118ms)
		BeginReloadAssembly (126ms)
			ExecutionOrderSort (0ms)
			DisableScriptedObjects (10ms)
			BackupInstance (0ms)
			ReleaseScriptingObjects (0ms)
			CreateAndSetChildDomain (39ms)
		EndReloadAssembly (936ms)
			LoadAssemblies (102ms)
			RebuildTransferFunctionScriptingTraits (0ms)
			SetupTypeCache (379ms)
			ReleaseScriptCaches (1ms)
			RebuildScriptCaches (47ms)
			SetupLoadedEditorAssemblies (300ms)
				LogAssemblyErrors (0ms)
				InitializePlatformSupportModulesInManaged (5ms)
				SetLoadedEditorAssemblies (0ms)
				RefreshPlugins (1ms)
				BeforeProcessingInitializeOnLoad (60ms)
				ProcessInitializeOnLoadAttributes (223ms)
				ProcessInitializeOnLoadMethodAttributes (8ms)
				AfterProcessingInitializeOnLoad (2ms)
				EditorAssembliesLoaded (0ms)
			ExecutionOrderSort2 (0ms)
			AwakeInstancesAfterBackupRestoration (21ms)
Platform modules already initialized, skipping
Refreshing native plugins compatible for Editor in 0.90 ms, found 4 plugins.
Preloading 0 native plugins for Editor in 0.00 ms.
Unloading 3761 Unused Serialized files (Serialized files now loaded: 0)
System memory in use before: 155.3 MB.
System memory in use after: 154.9 MB.

Unloading 44 unused Assets to reduce memory usage. Loaded Objects now: 4606.
Total: 4.862100 ms (FindLiveObjects: 0.354000 ms CreateObjectMapping: 0.275800 ms MarkObjects: 3.936100 ms  DeleteObjects: 0.294900 ms)

AssetImportParameters requested are different than current active one (requested -> active):
  custom:framework-win-MediaFoundation: 216162199b28c13a410421893ffa2e32 -> 
  custom:video-decoder-ogg-theora: a1e56fd34408186e4bbccfd4996cb3dc -> 
  custom:container-muxer-webm: aa71ff27fc2769a1b78a27578f13a17b -> 
  custom:container-demuxer-webm: 4f35f7cbe854078d1ac9338744f61a02 -> 
  custom:container-demuxer-ogg: 62fdf1f143b41e24485cea50d1cbac27 -> 
  custom:video-encoder-webm-vp8: eb34c28f22e8b96e1ab97ce403110664 -> 
  custom:video-decoder-webm-vp8: 9c59270c3fd7afecdb556c50c9e8de78 -> 
  custom:audio-decoder-ogg-vorbis: bf7c407c2cedff20999df2af8eb42d56 -> 
  custom:audio-encoder-webm-vorbis: bf7c407c2cedff20999df2af8eb42d56 -> 
========================================================================
Received Prepare
Registering precompiled user dll's ...
Registered in 0.004066 seconds.
Begin MonoManager ReloadAssembly
Symbol file LoadedFromMemory doesn't match image D:\SEM 5\MOBILE I\Mobile A1\Library\PackageCache\com.unity.visualscripting@1.6.1\Editor\VisualScripting.Core\Dependencies\YamlDotNet\Unity.VisualScripting.YamlDotNet.dll
Symbol file LoadedFromMemory doesn't match image D:\SEM 5\MOBILE I\Mobile A1\Library\PackageCache\com.unity.visualscripting@1.6.1\Editor\VisualScripting.Core\Dependencies\DotNetZip\Unity.VisualScripting.IonicZip.dll
Native extension for WindowsStandalone target not found
Native extension for WebGL target not found
Refreshing native plugins compatible for Editor in 0.79 ms, found 4 plugins.
Preloading 0 native plugins for Editor in 0.00 ms.
Mono: successfully reloaded assembly
- Completed reload, in  1.033 seconds
Domain Reload Profiling:
	ReloadAssembly (1033ms)
		BeginReloadAssembly (121ms)
			ExecutionOrderSort (0ms)
			DisableScriptedObjects (9ms)
			BackupInstance (0ms)
			ReleaseScriptingObjects (0ms)
			CreateAndSetChildDomain (40ms)
		EndReloadAssembly (861ms)
			LoadAssemblies (101ms)
			RebuildTransferFunctionScriptingTraits (0ms)
			SetupTypeCache (343ms)
			ReleaseScriptCaches (1ms)
			RebuildScriptCaches (43ms)
			SetupLoadedEditorAssemblies (277ms)
				LogAssemblyErrors (0ms)
				InitializePlatformSupportModulesInManaged (5ms)
				SetLoadedEditorAssemblies (0ms)
				RefreshPlugins (1ms)
				BeforeProcessingInitializeOnLoad (59ms)
				ProcessInitializeOnLoadAttributes (201ms)
				ProcessInitializeOnLoadMethodAttributes (7ms)
				AfterProcessingInitializeOnLoad (2ms)
				EditorAssembliesLoaded (0ms)
			ExecutionOrderSort2 (0ms)
			AwakeInstancesAfterBackupRestoration (17ms)
Platform modules already initialized, skipping
Refreshing native plugins compatible for Editor in 0.76 ms, found 4 plugins.
Preloading 0 native plugins for Editor in 0.00 ms.
Unloading 3761 Unused Serialized files (Serialized files now loaded: 0)
System memory in use before: 155.3 MB.
System memory in use after: 154.9 MB.

Unloading 44 unused Assets to reduce memory usage. Loaded Objects now: 4609.
Total: 4.015400 ms (FindLiveObjects: 0.293800 ms CreateObjectMapping: 0.178000 ms MarkObjects: 3.222800 ms  DeleteObjects: 0.320000 ms)

AssetImportParameters requested are different than current active one (requested -> active):
  custom:framework-win-MediaFoundation: 216162199b28c13a410421893ffa2e32 -> 
  custom:video-decoder-ogg-theora: a1e56fd34408186e4bbccfd4996cb3dc -> 
  custom:container-muxer-webm: aa71ff27fc2769a1b78a27578f13a17b -> 
  custom:container-demuxer-webm: 4f35f7cbe854078d1ac9338744f61a02 -> 
  custom:container-demuxer-ogg: 62fdf1f143b41e24485cea50d1cbac27 -> 
  custom:video-encoder-webm-vp8: eb34c28f22e8b96e1ab97ce403110664 -> 
  custom:video-decoder-webm-vp8: 9c59270c3fd7afecdb556c50c9e8de78 -> 
  custom:audio-decoder-ogg-vorbis: bf7c407c2cedff20999df2af8eb42d56 -> 
  custom:audio-encoder-webm-vorbis: bf7c407c2cedff20999df2af8eb42d56 -> 
========================================================================
Received Prepare
Registering precompiled user dll's ...
Registered in 0.004087 seconds.
Begin MonoManager ReloadAssembly
Symbol file LoadedFromMemory doesn't match image D:\SEM 5\MOBILE I\Mobile A1\Library\PackageCache\com.unity.visualscripting@1.6.1\Editor\VisualScripting.Core\Dependencies\YamlDotNet\Unity.VisualScripting.YamlDotNet.dll
Symbol file LoadedFromMemory doesn't match image D:\SEM 5\MOBILE I\Mobile A1\Library\PackageCache\com.unity.visualscripting@1.6.1\Editor\VisualScripting.Core\Dependencies\DotNetZip\Unity.VisualScripting.IonicZip.dll
Native extension for WindowsStandalone target not found
Native extension for WebGL target not found
Refreshing native plugins compatible for Editor in 1.11 ms, found 4 plugins.
Preloading 0 native plugins for Editor in 0.00 ms.
Mono: successfully reloaded assembly
- Completed reload, in  1.132 seconds
Domain Reload Profiling:
	ReloadAssembly (1132ms)
		BeginReloadAssembly (127ms)
			ExecutionOrderSort (0ms)
			DisableScriptedObjects (9ms)
			BackupInstance (0ms)
			ReleaseScriptingObjects (0ms)
			CreateAndSetChildDomain (41ms)
		EndReloadAssembly (948ms)
			LoadAssemblies (96ms)
			RebuildTransferFunctionScriptingTraits (0ms)
			SetupTypeCache (361ms)
			ReleaseScriptCaches (1ms)
			RebuildScriptCaches (45ms)
			SetupLoadedEditorAssemblies (319ms)
				LogAssemblyErrors (0ms)
				InitializePlatformSupportModulesInManaged (5ms)
				SetLoadedEditorAssemblies (0ms)
				RefreshPlugins (1ms)
				BeforeProcessingInitializeOnLoad (65ms)
				ProcessInitializeOnLoadAttributes (236ms)
				ProcessInitializeOnLoadMethodAttributes (9ms)
				AfterProcessingInitializeOnLoad (2ms)
				EditorAssembliesLoaded (0ms)
			ExecutionOrderSort2 (0ms)
			AwakeInstancesAfterBackupRestoration (17ms)
Platform modules already initialized, skipping
Refreshing native plugins compatible for Editor in 0.78 ms, found 4 plugins.
Preloading 0 native plugins for Editor in 0.00 ms.
Unloading 3761 Unused Serialized files (Serialized files now loaded: 0)
System memory in use before: 155.4 MB.
System memory in use after: 155.0 MB.

Unloading 44 unused Assets to reduce memory usage. Loaded Objects now: 4612.
Total: 4.594800 ms (FindLiveObjects: 0.327200 ms CreateObjectMapping: 0.262500 ms MarkObjects: 3.745600 ms  DeleteObjects: 0.258200 ms)

AssetImportParameters requested are different than current active one (requested -> active):
  custom:framework-win-MediaFoundation: 216162199b28c13a410421893ffa2e32 -> 
  custom:video-decoder-ogg-theora: a1e56fd34408186e4bbccfd4996cb3dc -> 
  custom:container-muxer-webm: aa71ff27fc2769a1b78a27578f13a17b -> 
  custom:container-demuxer-webm: 4f35f7cbe854078d1ac9338744f61a02 -> 
  custom:container-demuxer-ogg: 62fdf1f143b41e24485cea50d1cbac27 -> 
  custom:video-encoder-webm-vp8: eb34c28f22e8b96e1ab97ce403110664 -> 
  custom:video-decoder-webm-vp8: 9c59270c3fd7afecdb556c50c9e8de78 -> 
  custom:audio-decoder-ogg-vorbis: bf7c407c2cedff20999df2af8eb42d56 -> 
  custom:audio-encoder-webm-vorbis: bf7c407c2cedff20999df2af8eb42d56 -> 
========================================================================
Received Import Request.
  Time since last request: 176.527130 seconds.
  path: Assets/[Scenes]/Game.unity
  artifactKey: Guid(2cda990e2423bbf4892e6590ba056729) Importer(815301076,1909f56bfc062723c751e8b465ee728b)
Start importing Assets/[Scenes]/Game.unity using Guid(2cda990e2423bbf4892e6590ba056729) Importer(815301076,1909f56bfc062723c751e8b465ee728b)  -> (artifact id: '59edfdc40f8985f8b0c04d6ae784fe86') in 0.012349 seconds 
========================================================================
Received Prepare
Registering precompiled user dll's ...
Registered in 0.004031 seconds.
Begin MonoManager ReloadAssembly
Symbol file LoadedFromMemory doesn't match image D:\SEM 5\MOBILE I\Mobile A1\Library\PackageCache\com.unity.visualscripting@1.6.1\Editor\VisualScripting.Core\Dependencies\YamlDotNet\Unity.VisualScripting.YamlDotNet.dll
Symbol file LoadedFromMemory doesn't match image D:\SEM 5\MOBILE I\Mobile A1\Library\PackageCache\com.unity.visualscripting@1.6.1\Editor\VisualScripting.Core\Dependencies\DotNetZip\Unity.VisualScripting.IonicZip.dll
Native extension for WindowsStandalone target not found
Native extension for WebGL target not found
Refreshing native plugins compatible for Editor in 0.78 ms, found 4 plugins.
Preloading 0 native plugins for Editor in 0.00 ms.
Mono: successfully reloaded assembly
- Completed reload, in  1.065 seconds
Domain Reload Profiling:
	ReloadAssembly (1065ms)
		BeginReloadAssembly (125ms)
			ExecutionOrderSort (0ms)
			DisableScriptedObjects (9ms)
			BackupInstance (0ms)
			ReleaseScriptingObjects (0ms)
			CreateAndSetChildDomain (40ms)
		EndReloadAssembly (888ms)
			LoadAssemblies (100ms)
			RebuildTransferFunctionScriptingTraits (0ms)
			SetupTypeCache (350ms)
			ReleaseScriptCaches (1ms)
			RebuildScriptCaches (43ms)
			SetupLoadedEditorAssemblies (296ms)
				LogAssemblyErrors (0ms)
				InitializePlatformSupportModulesInManaged (5ms)
				SetLoadedEditorAssemblies (0ms)
				RefreshPlugins (1ms)
				BeforeProcessingInitializeOnLoad (60ms)
				ProcessInitializeOnLoadAttributes (220ms)
				ProcessInitializeOnLoadMethodAttributes (7ms)
				AfterProcessingInitializeOnLoad (2ms)
				EditorAssembliesLoaded (0ms)
			ExecutionOrderSort2 (0ms)
			AwakeInstancesAfterBackupRestoration (17ms)
Platform modules already initialized, skipping
Refreshing native plugins compatible for Editor in 1.07 ms, found 4 plugins.
Preloading 0 native plugins for Editor in 0.00 ms.
Unloading 3761 Unused Serialized files (Serialized files now loaded: 0)
System memory in use before: 155.4 MB.
System memory in use after: 155.0 MB.

Unloading 44 unused Assets to reduce memory usage. Loaded Objects now: 4615.
Total: 4.309400 ms (FindLiveObjects: 0.458900 ms CreateObjectMapping: 0.247000 ms MarkObjects: 3.301900 ms  DeleteObjects: 0.300100 ms)

AssetImportParameters requested are different than current active one (requested -> active):
  custom:framework-win-MediaFoundation: 216162199b28c13a410421893ffa2e32 -> 
  custom:video-decoder-ogg-theora: a1e56fd34408186e4bbccfd4996cb3dc -> 
  custom:container-muxer-webm: aa71ff27fc2769a1b78a27578f13a17b -> 
  custom:container-demuxer-webm: 4f35f7cbe854078d1ac9338744f61a02 -> 
  custom:container-demuxer-ogg: 62fdf1f143b41e24485cea50d1cbac27 -> 
  custom:video-encoder-webm-vp8: eb34c28f22e8b96e1ab97ce403110664 -> 
  custom:video-decoder-webm-vp8: 9c59270c3fd7afecdb556c50c9e8de78 -> 
  custom:audio-decoder-ogg-vorbis: bf7c407c2cedff20999df2af8eb42d56 -> 
  custom:audio-encoder-webm-vorbis: bf7c407c2cedff20999df2af8eb42d56 -> 
========================================================================
Received Import Request.
  Time since last request: 7.466878 seconds.
  path: Assets/[Scenes]/GameOver.unity
  artifactKey: Guid(f6bf3a06accbeae46999c92ddec17e58) Importer(815301076,1909f56bfc062723c751e8b465ee728b)
Start importing Assets/[Scenes]/GameOver.unity using Guid(f6bf3a06accbeae46999c92ddec17e58) Importer(815301076,1909f56bfc062723c751e8b465ee728b)  -> (artifact id: 'a20515740079dad642735a893847ea10') in 0.016040 seconds 
========================================================================
Received Prepare
Registering precompiled user dll's ...
Registered in 0.004172 seconds.
Begin MonoManager ReloadAssembly
Symbol file LoadedFromMemory doesn't match image D:\SEM 5\MOBILE I\Mobile A1\Library\PackageCache\com.unity.visualscripting@1.6.1\Editor\VisualScripting.Core\Dependencies\YamlDotNet\Unity.VisualScripting.YamlDotNet.dll
Symbol file LoadedFromMemory doesn't match image D:\SEM 5\MOBILE I\Mobile A1\Library\PackageCache\com.unity.visualscripting@1.6.1\Editor\VisualScripting.Core\Dependencies\DotNetZip\Unity.VisualScripting.IonicZip.dll
Native extension for WindowsStandalone target not found
Native extension for WebGL target not found
Refreshing native plugins compatible for Editor in 0.80 ms, found 4 plugins.
Preloading 0 native plugins for Editor in 0.00 ms.
Mono: successfully reloaded assembly
- Completed reload, in  1.128 seconds
Domain Reload Profiling:
	ReloadAssembly (1129ms)
		BeginReloadAssembly (124ms)
			ExecutionOrderSort (0ms)
			DisableScriptedObjects (9ms)
			BackupInstance (0ms)
			ReleaseScriptingObjects (0ms)
			CreateAndSetChildDomain (40ms)
		EndReloadAssembly (953ms)
			LoadAssemblies (99ms)
			RebuildTransferFunctionScriptingTraits (0ms)
			SetupTypeCache (338ms)
			ReleaseScriptCaches (1ms)
			RebuildScriptCaches (50ms)
			SetupLoadedEditorAssemblies (332ms)
				LogAssemblyErrors (0ms)
				InitializePlatformSupportModulesInManaged (7ms)
				SetLoadedEditorAssemblies (0ms)
				RefreshPlugins (1ms)
				BeforeProcessingInitializeOnLoad (63ms)
				ProcessInitializeOnLoadAttributes (246ms)
				ProcessInitializeOnLoadMethodAttributes (11ms)
				AfterProcessingInitializeOnLoad (4ms)
				EditorAssembliesLoaded (0ms)
			ExecutionOrderSort2 (0ms)
			AwakeInstancesAfterBackupRestoration (28ms)
Platform modules already initialized, skipping
Refreshing native plugins compatible for Editor in 0.78 ms, found 4 plugins.
Preloading 0 native plugins for Editor in 0.00 ms.
Unloading 3761 Unused Serialized files (Serialized files now loaded: 0)
System memory in use before: 155.5 MB.
System memory in use after: 155.1 MB.

Unloading 44 unused Assets to reduce memory usage. Loaded Objects now: 4618.
Total: 3.787200 ms (FindLiveObjects: 0.336800 ms CreateObjectMapping: 0.170600 ms MarkObjects: 2.996900 ms  DeleteObjects: 0.281800 ms)

AssetImportParameters requested are different than current active one (requested -> active):
  custom:framework-win-MediaFoundation: 216162199b28c13a410421893ffa2e32 -> 
  custom:video-decoder-ogg-theora: a1e56fd34408186e4bbccfd4996cb3dc -> 
  custom:container-muxer-webm: aa71ff27fc2769a1b78a27578f13a17b -> 
  custom:container-demuxer-webm: 4f35f7cbe854078d1ac9338744f61a02 -> 
  custom:container-demuxer-ogg: 62fdf1f143b41e24485cea50d1cbac27 -> 
  custom:video-encoder-webm-vp8: eb34c28f22e8b96e1ab97ce403110664 -> 
  custom:video-decoder-webm-vp8: 9c59270c3fd7afecdb556c50c9e8de78 -> 
  custom:audio-decoder-ogg-vorbis: bf7c407c2cedff20999df2af8eb42d56 -> 
  custom:audio-encoder-webm-vorbis: bf7c407c2cedff20999df2af8eb42d56 -> 
========================================================================
Received Import Request.
  Time since last request: 139.265029 seconds.
  path: Assets/[Scenes]/Instructions.unity
  artifactKey: Guid(39d063e126ecd9d4ab50bd544c621713) Importer(815301076,1909f56bfc062723c751e8b465ee728b)
Start importing Assets/[Scenes]/Instructions.unity using Guid(39d063e126ecd9d4ab50bd544c621713) Importer(815301076,1909f56bfc062723c751e8b465ee728b)  -> (artifact id: 'c7ce7a1bd7e4254b084e16426bf65ce7') in 0.013846 seconds 
========================================================================
Received Import Request.
  Time since last request: 40.800574 seconds.
  path: Assets/[Scenes]/Instructions.unity
  artifactKey: Guid(39d063e126ecd9d4ab50bd544c621713) Importer(815301076,1909f56bfc062723c751e8b465ee728b)
Start importing Assets/[Scenes]/Instructions.unity using Guid(39d063e126ecd9d4ab50bd544c621713) Importer(815301076,1909f56bfc062723c751e8b465ee728b)  -> (artifact id: 'a27fab12b6e3bbee1b5334edb984f340') in 0.003785 seconds 
========================================================================
Received Import Request.
  Time since last request: 0.542229 seconds.
  path: Assets/[Scenes]/Menu.unity
  artifactKey: Guid(e7307994b3fc5da47b863acbdff208e4) Importer(815301076,1909f56bfc062723c751e8b465ee728b)
Start importing Assets/[Scenes]/Menu.unity using Guid(e7307994b3fc5da47b863acbdff208e4) Importer(815301076,1909f56bfc062723c751e8b465ee728b)  -> (artifact id: 'eb66737c5b32d3e007803e6d749aa7df') in 0.002824 seconds 
========================================================================
Received Prepare
Registering precompiled user dll's ...
Registered in 0.004068 seconds.
Begin MonoManager ReloadAssembly
Symbol file LoadedFromMemory doesn't match image D:\SEM 5\MOBILE I\Mobile A1\Library\PackageCache\com.unity.visualscripting@1.6.1\Editor\VisualScripting.Core\Dependencies\YamlDotNet\Unity.VisualScripting.YamlDotNet.dll
Symbol file LoadedFromMemory doesn't match image D:\SEM 5\MOBILE I\Mobile A1\Library\PackageCache\com.unity.visualscripting@1.6.1\Editor\VisualScripting.Core\Dependencies\DotNetZip\Unity.VisualScripting.IonicZip.dll
Native extension for WindowsStandalone target not found
Native extension for WebGL target not found
Refreshing native plugins compatible for Editor in 0.79 ms, found 4 plugins.
Preloading 0 native plugins for Editor in 0.00 ms.
Mono: successfully reloaded assembly
- Completed reload, in  1.013 seconds
Domain Reload Profiling:
	ReloadAssembly (1013ms)
		BeginReloadAssembly (113ms)
			ExecutionOrderSort (0ms)
			DisableScriptedObjects (9ms)
			BackupInstance (0ms)
			ReleaseScriptingObjects (0ms)
			CreateAndSetChildDomain (36ms)
		EndReloadAssembly (851ms)
			LoadAssemblies (94ms)
			RebuildTransferFunctionScriptingTraits (0ms)
			SetupTypeCache (336ms)
			ReleaseScriptCaches (1ms)
			RebuildScriptCaches (40ms)
			SetupLoadedEditorAssemblies (278ms)
				LogAssemblyErrors (0ms)
				InitializePlatformSupportModulesInManaged (5ms)
				SetLoadedEditorAssemblies (0ms)
				RefreshPlugins (1ms)
				BeforeProcessingInitializeOnLoad (58ms)
				ProcessInitializeOnLoadAttributes (204ms)
				ProcessInitializeOnLoadMethodAttributes (7ms)
				AfterProcessingInitializeOnLoad (2ms)
				EditorAssembliesLoaded (0ms)
			ExecutionOrderSort2 (0ms)
			AwakeInstancesAfterBackupRestoration (20ms)
Platform modules already initialized, skipping
Refreshing native plugins compatible for Editor in 1.27 ms, found 4 plugins.
Preloading 0 native plugins for Editor in 0.00 ms.
Unloading 3761 Unused Serialized files (Serialized files now loaded: 0)
System memory in use before: 155.5 MB.
System memory in use after: 155.1 MB.

Unloading 44 unused Assets to reduce memory usage. Loaded Objects now: 4621.
Total: 6.339700 ms (FindLiveObjects: 0.358000 ms CreateObjectMapping: 0.328500 ms MarkObjects: 5.253100 ms  DeleteObjects: 0.398600 ms)

AssetImportParameters requested are different than current active one (requested -> active):
  custom:framework-win-MediaFoundation: 216162199b28c13a410421893ffa2e32 -> 
  custom:video-decoder-ogg-theora: a1e56fd34408186e4bbccfd4996cb3dc -> 
  custom:container-muxer-webm: aa71ff27fc2769a1b78a27578f13a17b -> 
  custom:container-demuxer-webm: 4f35f7cbe854078d1ac9338744f61a02 -> 
  custom:container-demuxer-ogg: 62fdf1f143b41e24485cea50d1cbac27 -> 
  custom:video-encoder-webm-vp8: eb34c28f22e8b96e1ab97ce403110664 -> 
  custom:video-decoder-webm-vp8: 9c59270c3fd7afecdb556c50c9e8de78 -> 
  custom:audio-decoder-ogg-vorbis: bf7c407c2cedff20999df2af8eb42d56 -> 
  custom:audio-encoder-webm-vorbis: bf7c407c2cedff20999df2af8eb42d56 -> 
========================================================================
Received Import Request.
  Time since last request: 548.079276 seconds.
  path: Assets/Sprites/lluvia.png
  artifactKey: Guid(7e34b8455699f1c45988edbae75eab2f) Importer(815301076,1909f56bfc062723c751e8b465ee728b)
Start importing Assets/Sprites/lluvia.png using Guid(7e34b8455699f1c45988edbae75eab2f) Importer(815301076,1909f56bfc062723c751e8b465ee728b)  -> (artifact id: '52b291b4b78cbb8ac4aaf86a0c27eb55') in 0.068990 seconds 
========================================================================
Received Import Request.
  Time since last request: 1.849008 seconds.
  path: Assets/Sprites/lluvia.sai
  artifactKey: Guid(b0de52fd40f7f18449f23205d9bc4682) Importer(815301076,1909f56bfc062723c751e8b465ee728b)
Start importing Assets/Sprites/lluvia.sai using Guid(b0de52fd40f7f18449f23205d9bc4682) Importer(815301076,1909f56bfc062723c751e8b465ee728b)  -> (artifact id: '317c281d94738e70b781355402793570') in 0.005620 seconds 
========================================================================
Received Import Request.
  Time since last request: 9.488907 seconds.
  path: Assets/Sprites/lluvia.png
  artifactKey: Guid(7e34b8455699f1c45988edbae75eab2f) Importer(815301076,1909f56bfc062723c751e8b465ee728b)
Start importing Assets/Sprites/lluvia.png using Guid(7e34b8455699f1c45988edbae75eab2f) Importer(815301076,1909f56bfc062723c751e8b465ee728b)  -> (artifact id: '33ee4257ad194ee78e70cbeb78905984') in 0.186796 seconds 
========================================================================
Received Import Request.
  Time since last request: 1258.429452 seconds.
  path: Assets/[Scenes]/Game.unity
  artifactKey: Guid(2cda990e2423bbf4892e6590ba056729) Importer(815301076,1909f56bfc062723c751e8b465ee728b)
Start importing Assets/[Scenes]/Game.unity using Guid(2cda990e2423bbf4892e6590ba056729) Importer(815301076,1909f56bfc062723c751e8b465ee728b)  -> (artifact id: '2b5743bbdfd4f62c2b5222183259895b') in 0.002721 seconds 
========================================================================
Received Import Request.
  Time since last request: 180.450918 seconds.
  path: Assets/[Scenes]/GameOver.unity
  artifactKey: Guid(f6bf3a06accbeae46999c92ddec17e58) Importer(815301076,1909f56bfc062723c751e8b465ee728b)
Start importing Assets/[Scenes]/GameOver.unity using Guid(f6bf3a06accbeae46999c92ddec17e58) Importer(815301076,1909f56bfc062723c751e8b465ee728b)  -> (artifact id: '60a7e3f5b1f0ae6de24e98bb918dac8d') in 0.001931 seconds 
========================================================================
Received Import Request.
  Time since last request: 214.721529 seconds.
  path: Assets/[Scenes]/Menu.unity
  artifactKey: Guid(e7307994b3fc5da47b863acbdff208e4) Importer(815301076,1909f56bfc062723c751e8b465ee728b)
Start importing Assets/[Scenes]/Menu.unity using Guid(e7307994b3fc5da47b863acbdff208e4) Importer(815301076,1909f56bfc062723c751e8b465ee728b)  -> (artifact id: '6f15a15c3ef61925f0ab9e6dea6c8a24') in 0.002498 seconds 
AssetImportWorkerClient::OnTransportError - code=2 error=End of file
